# JRE version: Java(TM) SE Runtime Environment (8.0_60-b27) (build 1.8.0_60-b27)
# Java VM: Java HotSpot(TM) 64-Bit Server VM (25.60-b23 mixed mode bsd-amd64 compressed oops)
Heap:
 PSYoungGen      total 120832K, used 103072K [0x0000000795580000, 0x000000079d600000, 0x00000007c0000000)
  eden space 111104K, 92% used [0x0000000795580000,0x000000079b97e080,0x000000079c200000)
  from space 9728K, 6% used [0x000000079cb80000,0x000000079cc2a248,0x000000079d500000)
  to   space 9728K, 0% used [0x000000079c200000,0x000000079c200000,0x000000079cb80000)
 ParOldGen       total 50688K, used 8696K [0x0000000740000000, 0x0000000743180000, 0x0000000795580000)
  object space 50688K, 17% used [0x0000000740000000,0x000000074087e048,0x0000000743180000)
 Metaspace       used 21240K, capacity 22366K, committed 22656K, reserved 1069056K
  class space    used 3133K, capacity 3412K, committed 3456K, reserved 1048576K
GC Heap History (10 events):
Event: 7.280 GC heap before
{Heap before GC invocations=5 (full 1):
 PSYoungGen      total 38400K, used 5106K [0x0000000795580000, 0x000000079a080000, 0x00000007c0000000)
  eden space 33280K, 0% used [0x0000000795580000,0x0000000795580000,0x0000000797600000)
  from space 5120K, 99% used [0x0000000797b00000,0x0000000797ffc918,0x0000000798000000)
  to   space 5120K, 0% used [0x0000000797600000,0x0000000797600000,0x0000000797b00000)
 ParOldGen       total 87552K, used 3740K [0x0000000740000000, 0x0000000745580000, 0x0000000795580000)
  object space 87552K, 4% used [0x0000000740000000,0x00000007403a7390,0x0000000745580000)
 Metaspace       used 20137K, capacity 21202K, committed 21248K, reserved 1067008K
  class space    used 3022K, capacity 3288K, committed 3328K, reserved 1048576K
Event: 7.321 GC heap after
Heap after GC invocations=5 (full 1):
 PSYoungGen      total 38400K, used 0K [0x0000000795580000, 0x000000079a080000, 0x00000007c0000000)
  eden space 33280K, 0% used [0x0000000795580000,0x0000000795580000,0x0000000797600000)
  from space 5120K, 0% used [0x0000000797b00000,0x0000000797b00000,0x0000000798000000)
  to   space 5120K, 0% used [0x0000000797600000,0x0000000797600000,0x0000000797b00000)
 ParOldGen       total 50688K, used 8672K [0x0000000740000000, 0x0000000743180000, 0x0000000795580000)
  object space 50688K, 17% used [0x0000000740000000,0x0000000740878048,0x0000000743180000)
 Metaspace       used 20137K, capacity 21202K, committed 21248K, reserved 1067008K
  class space    used 3022K, capacity 3288K, committed 3328K, reserved 1048576K
}
Event: 7.946 GC heap before
{Heap before GC invocations=6 (full 1):
 PSYoungGen      total 38400K, used 33261K [0x0000000795580000, 0x000000079a080000, 0x00000007c0000000)
  eden space 33280K, 99% used [0x0000000795580000,0x00000007975fb640,0x0000000797600000)
  from space 5120K, 0% used [0x0000000797b00000,0x0000000797b00000,0x0000000798000000)
  to   space 5120K, 0% used [0x0000000797600000,0x0000000797600000,0x0000000797b00000)
 ParOldGen       total 50688K, used 8672K [0x0000000740000000, 0x0000000743180000, 0x0000000795580000)
  object space 50688K, 17% used [0x0000000740000000,0x0000000740878048,0x0000000743180000)
 Metaspace       used 20732K, capacity 21806K, committed 22144K, reserved 1069056K
  class space    used 3082K, capacity 3336K, committed 3456K, reserved 1048576K
Event: 7.948 GC heap after
Heap after GC invocations=6 (full 1):
 PSYoungGen      total 38400K, used 537K [0x0000000795580000, 0x000000079a180000, 0x00000007c0000000)
  eden space 33280K, 0% used [0x0000000795580000,0x0000000795580000,0x0000000797600000)
  from space 5120K, 10% used [0x0000000797600000,0x00000007976864c0,0x0000000797b00000)
  to   space 9216K, 0% used [0x0000000799880000,0x0000000799880000,0x000000079a180000)
 ParOldGen       total 50688K, used 8680K [0x0000000740000000, 0x0000000743180000, 0x0000000795580000)
  object space 50688K, 17% used [0x0000000740000000,0x000000074087a048,0x0000000743180000)
 Metaspace       used 20732K, capacity 21806K, committed 22144K, reserved 1069056K
  class space    used 3082K, capacity 3336K, committed 3456K, reserved 1048576K
}
Event: 7.957 GC heap before
{Heap before GC invocations=7 (full 1):
 PSYoungGen      total 38400K, used 33762K [0x0000000795580000, 0x000000079a180000, 0x00000007c0000000)
  eden space 33280K, 99% used [0x0000000795580000,0x00000007975f2660,0x0000000797600000)
  from space 5120K, 10% used [0x0000000797600000,0x00000007976864c0,0x0000000797b00000)
  to   space 9216K, 0% used [0x0000000799880000,0x0000000799880000,0x000000079a180000)
 ParOldGen       total 50688K, used 8680K [0x0000000740000000, 0x0000000743180000, 0x0000000795580000)
  object space 50688K, 17% used [0x0000000740000000,0x000000074087a048,0x0000000743180000)
 Metaspace       used 20732K, capacity 21806K, committed 22144K, reserved 1069056K
  class space    used 3082K, capacity 3336K, committed 3456K, reserved 1048576K
Event: 7.959 GC heap after
Heap after GC invocations=7 (full 1):
 PSYoungGen      total 68096K, used 598K [0x0000000795580000, 0x000000079a600000, 0x00000007c0000000)
  eden space 58880K, 0% used [0x0000000795580000,0x0000000795580000,0x0000000798f00000)
  from space 9216K, 6% used [0x0000000799880000,0x0000000799915bb0,0x000000079a180000)
  to   space 9728K, 0% used [0x0000000798f00000,0x0000000798f00000,0x0000000799880000)
 ParOldGen       total 50688K, used 8688K [0x0000000740000000, 0x0000000743180000, 0x0000000795580000)
  object space 50688K, 17% used [0x0000000740000000,0x000000074087c048,0x0000000743180000)
 Metaspace       used 20732K, capacity 21806K, committed 22144K, reserved 1069056K
  class space    used 3082K, capacity 3336K, committed 3456K, reserved 1048576K
}
Event: 7.979 GC heap before
{Heap before GC invocations=8 (full 1):
 PSYoungGen      total 68096K, used 59459K [0x0000000795580000, 0x000000079a600000, 0x00000007c0000000)
  eden space 58880K, 99% used [0x0000000795580000,0x0000000798efb088,0x0000000798f00000)
  from space 9216K, 6% used [0x0000000799880000,0x0000000799915bb0,0x000000079a180000)
  to   space 9728K, 0% used [0x0000000798f00000,0x0000000798f00000,0x0000000799880000)
 ParOldGen       total 50688K, used 8688K [0x0000000740000000, 0x0000000743180000, 0x0000000795580000)
  object space 50688K, 17% used [0x0000000740000000,0x000000074087c048,0x0000000743180000)
 Metaspace       used 20732K, capacity 21806K, committed 22144K, reserved 1069056K
  class space    used 3082K, capacity 3336K, committed 3456K, reserved 1048576K
Event: 7.980 GC heap after
Heap after GC invocations=8 (full 1):
 PSYoungGen      total 68608K, used 636K [0x0000000795580000, 0x000000079d500000, 0x00000007c0000000)
  eden space 58880K, 0% used [0x0000000795580000,0x0000000795580000,0x0000000798f00000)
  from space 9728K, 6% used [0x0000000798f00000,0x0000000798f9f100,0x0000000799880000)
  to   space 9728K, 0% used [0x000000079cb80000,0x000000079cb80000,0x000000079d500000)
 ParOldGen       total 50688K, used 8696K [0x0000000740000000, 0x0000000743180000, 0x0000000795580000)
  object space 50688K, 17% used [0x0000000740000000,0x000000074087e048,0x0000000743180000)
 Metaspace       used 20732K, capacity 21806K, committed 22144K, reserved 1069056K
  class space    used 3082K, capacity 3336K, committed 3456K, reserved 1048576K
}
Event: 7.991 GC heap before
{Heap before GC invocations=9 (full 1):
 PSYoungGen      total 68608K, used 59418K [0x0000000795580000, 0x000000079d500000, 0x00000007c0000000)
  eden space 58880K, 99% used [0x0000000795580000,0x0000000798ee7768,0x0000000798f00000)
  from space 9728K, 6% used [0x0000000798f00000,0x0000000798f9f100,0x0000000799880000)
  to   space 9728K, 0% used [0x000000079cb80000,0x000000079cb80000,0x000000079d500000)
 ParOldGen       total 50688K, used 8696K [0x0000000740000000, 0x0000000743180000, 0x0000000795580000)
  object space 50688K, 17% used [0x0000000740000000,0x000000074087e048,0x0000000743180000)
 Metaspace       used 20732K, capacity 21806K, committed 22144K, reserved 1069056K
  class space    used 3082K, capacity 3336K, committed 3456K, reserved 1048576K
Event: 7.992 GC heap after
Heap after GC invocations=9 (full 1):
 PSYoungGen      total 120832K, used 680K [0x0000000795580000, 0x000000079d600000, 0x00000007c0000000)
  eden space 111104K, 0% used [0x0000000795580000,0x0000000795580000,0x000000079c200000)
  from space 9728K, 6% used [0x000000079cb80000,0x000000079cc2a248,0x000000079d500000)
  to   space 9728K, 0% used [0x000000079c200000,0x000000079c200000,0x000000079cb80000)
 ParOldGen       total 50688K, used 8696K [0x0000000740000000, 0x0000000743180000, 0x0000000795580000)
  object space 50688K, 17% used [0x0000000740000000,0x000000074087e048,0x0000000743180000)
 Metaspace       used 20732K, capacity 21806K, committed 22144K, reserved 1069056K
  class space    used 3082K, capacity 3336K, committed 3456K, reserved 1048576K
}

