# JRE version: Java(TM) SE Runtime Environment (8.0_60-b27) (build 1.8.0_60-b27)
# Java VM: Java HotSpot(TM) 64-Bit Server VM (25.60-b23 mixed mode bsd-amd64 compressed oops)
Heap:
 PSYoungGen      total 124928K, used 39989K [0x0000000795580000, 0x00000007a2c80000, 0x00000007c0000000)
  eden space 115200K, 34% used [0x0000000795580000,0x0000000797be5428,0x000000079c600000)
  from space 9728K, 6% used [0x000000079c600000,0x000000079c6a8348,0x000000079cf80000)
  to   space 9728K, 0% used [0x00000007a2300000,0x00000007a2300000,0x00000007a2c80000)
 ParOldGen       total 52224K, used 8671K [0x0000000740000000, 0x0000000743300000, 0x0000000795580000)
  object space 52224K, 16% used [0x0000000740000000,0x0000000740877c58,0x0000000743300000)
 Metaspace       used 21207K, capacity 22316K, committed 22656K, reserved 1069056K
  class space    used 3118K, capacity 3365K, committed 3456K, reserved 1048576K
GC Heap History (10 events):
Event: 5.509 GC heap before
{Heap before GC invocations=4 (full 0):
 PSYoungGen      total 38400K, used 8445K [0x0000000795580000, 0x000000079a080000, 0x00000007c0000000)
  eden space 33280K, 10% used [0x0000000795580000,0x00000007958c6c78,0x0000000797600000)
  from space 5120K, 99% used [0x0000000797600000,0x0000000797af8938,0x0000000797b00000)
  to   space 5120K, 0% used [0x0000000799b80000,0x0000000799b80000,0x000000079a080000)
 ParOldGen       total 87552K, used 1496K [0x0000000740000000, 0x0000000745580000, 0x0000000795580000)
  object space 87552K, 1% used [0x0000000740000000,0x0000000740176350,0x0000000745580000)
 Metaspace       used 20161K, capacity 21144K, committed 21248K, reserved 1067008K
  class space    used 3023K, capacity 3283K, committed 3328K, reserved 1048576K
Event: 5.520 GC heap after
Heap after GC invocations=4 (full 0):
 PSYoungGen      total 71680K, used 5106K [0x0000000795580000, 0x000000079a080000, 0x00000007c0000000)
  eden space 66560K, 0% used [0x0000000795580000,0x0000000795580000,0x0000000799680000)
  from space 5120K, 99% used [0x0000000799b80000,0x000000079a07c948,0x000000079a080000)
  to   space 5120K, 0% used [0x0000000799680000,0x0000000799680000,0x0000000799b80000)
 ParOldGen       total 87552K, used 3736K [0x0000000740000000, 0x0000000745580000, 0x0000000795580000)
  object space 87552K, 4% used [0x0000000740000000,0x00000007403a63a0,0x0000000745580000)
 Metaspace       used 20161K, capacity 21144K, committed 21248K, reserved 1067008K
  class space    used 3023K, capacity 3283K, committed 3328K, reserved 1048576K
}
Event: 5.520 GC heap before
{Heap before GC invocations=5 (full 1):
 PSYoungGen      total 71680K, used 5106K [0x0000000795580000, 0x000000079a080000, 0x00000007c0000000)
  eden space 66560K, 0% used [0x0000000795580000,0x0000000795580000,0x0000000799680000)
  from space 5120K, 99% used [0x0000000799b80000,0x000000079a07c948,0x000000079a080000)
  to   space 5120K, 0% used [0x0000000799680000,0x0000000799680000,0x0000000799b80000)
 ParOldGen       total 87552K, used 3736K [0x0000000740000000, 0x0000000745580000, 0x0000000795580000)
  object space 87552K, 4% used [0x0000000740000000,0x00000007403a63a0,0x0000000745580000)
 Metaspace       used 20161K, capacity 21144K, committed 21248K, reserved 1067008K
  class space    used 3023K, capacity 3283K, committed 3328K, reserved 1048576K
Event: 5.580 GC heap after
Heap after GC invocations=5 (full 1):
 PSYoungGen      total 71680K, used 0K [0x0000000795580000, 0x000000079a080000, 0x00000007c0000000)
  eden space 66560K, 0% used [0x0000000795580000,0x0000000795580000,0x0000000799680000)
  from space 5120K, 0% used [0x0000000799b80000,0x0000000799b80000,0x000000079a080000)
  to   space 5120K, 0% used [0x0000000799680000,0x0000000799680000,0x0000000799b80000)
 ParOldGen       total 52224K, used 8663K [0x0000000740000000, 0x0000000743300000, 0x0000000795580000)
  object space 52224K, 16% used [0x0000000740000000,0x0000000740875c58,0x0000000743300000)
 Metaspace       used 20161K, capacity 21144K, committed 21248K, reserved 1067008K
  class space    used 3023K, capacity 3283K, committed 3328K, reserved 1048576K
}
Event: 6.263 GC heap before
{Heap before GC invocations=6 (full 1):
 PSYoungGen      total 71680K, used 66510K [0x0000000795580000, 0x000000079a080000, 0x00000007c0000000)
  eden space 66560K, 99% used [0x0000000795580000,0x0000000799673898,0x0000000799680000)
  from space 5120K, 0% used [0x0000000799b80000,0x0000000799b80000,0x000000079a080000)
  to   space 5120K, 0% used [0x0000000799680000,0x0000000799680000,0x0000000799b80000)
 ParOldGen       total 52224K, used 8663K [0x0000000740000000, 0x0000000743300000, 0x0000000795580000)
  object space 52224K, 16% used [0x0000000740000000,0x0000000740875c58,0x0000000743300000)
 Metaspace       used 20629K, capacity 21654K, committed 21760K, reserved 1067008K
  class space    used 3066K, capacity 3320K, committed 3328K, reserved 1048576K
Event: 6.265 GC heap after
Heap after GC invocations=6 (full 1):
 PSYoungGen      total 71680K, used 564K [0x0000000795580000, 0x000000079d880000, 0x00000007c0000000)
  eden space 66560K, 0% used [0x0000000795580000,0x0000000795580000,0x0000000799680000)
  from space 5120K, 11% used [0x0000000799680000,0x000000079970d1b8,0x0000000799b80000)
  to   space 9216K, 0% used [0x000000079cf80000,0x000000079cf80000,0x000000079d880000)
 ParOldGen       total 52224K, used 8671K [0x0000000740000000, 0x0000000743300000, 0x0000000795580000)
  object space 52224K, 16% used [0x0000000740000000,0x0000000740877c58,0x0000000743300000)
 Metaspace       used 20629K, capacity 21654K, committed 21760K, reserved 1067008K
  class space    used 3066K, capacity 3320K, committed 3328K, reserved 1048576K
}
Event: 6.283 GC heap before
{Heap before GC invocations=7 (full 1):
 PSYoungGen      total 71680K, used 67102K [0x0000000795580000, 0x000000079d880000, 0x00000007c0000000)
  eden space 66560K, 99% used [0x0000000795580000,0x000000079967aa28,0x0000000799680000)
  from space 5120K, 11% used [0x0000000799680000,0x000000079970d1b8,0x0000000799b80000)
  to   space 9216K, 0% used [0x000000079cf80000,0x000000079cf80000,0x000000079d880000)
 ParOldGen       total 52224K, used 8671K [0x0000000740000000, 0x0000000743300000, 0x0000000795580000)
  object space 52224K, 16% used [0x0000000740000000,0x0000000740877c58,0x0000000743300000)
 Metaspace       used 20629K, capacity 21654K, committed 21760K, reserved 1067008K
  class space    used 3066K, capacity 3320K, committed 3328K, reserved 1048576K
Event: 6.284 GC heap after
Heap after GC invocations=7 (full 1):
 PSYoungGen      total 124416K, used 654K [0x0000000795580000, 0x000000079db00000, 0x00000007c0000000)
  eden space 115200K, 0% used [0x0000000795580000,0x0000000795580000,0x000000079c600000)
  from space 9216K, 7% used [0x000000079cf80000,0x000000079d023a30,0x000000079d880000)
  to   space 9728K, 0% used [0x000000079c600000,0x000000079c600000,0x000000079cf80000)
 ParOldGen       total 52224K, used 8671K [0x0000000740000000, 0x0000000743300000, 0x0000000795580000)
  object space 52224K, 16% used [0x0000000740000000,0x0000000740877c58,0x0000000743300000)
 Metaspace       used 20629K, capacity 21654K, committed 21760K, reserved 1067008K
  class space    used 3066K, capacity 3320K, committed 3328K, reserved 1048576K
}
Event: 6.320 GC heap before
{Heap before GC invocations=8 (full 1):
 PSYoungGen      total 124416K, used 115741K [0x0000000795580000, 0x000000079db00000, 0x00000007c0000000)
  eden space 115200K, 99% used [0x0000000795580000,0x000000079c5e3c70,0x000000079c600000)
  from space 9216K, 7% used [0x000000079cf80000,0x000000079d023a30,0x000000079d880000)
  to   space 9728K, 0% used [0x000000079c600000,0x000000079c600000,0x000000079cf80000)
 ParOldGen       total 52224K, used 8671K [0x0000000740000000, 0x0000000743300000, 0x0000000795580000)
  object space 52224K, 16% used [0x0000000740000000,0x0000000740877c58,0x0000000743300000)
 Metaspace       used 20632K, capacity 21654K, committed 21760K, reserved 1067008K
  class space    used 3066K, capacity 3320K, committed 3328K, reserved 1048576K
Event: 6.321 GC heap after
Heap after GC invocations=8 (full 1):
 PSYoungGen      total 124928K, used 672K [0x0000000795580000, 0x00000007a2c80000, 0x00000007c0000000)
  eden space 115200K, 0% used [0x0000000795580000,0x0000000795580000,0x000000079c600000)
  from space 9728K, 6% used [0x000000079c600000,0x000000079c6a8348,0x000000079cf80000)
  to   space 9728K, 0% used [0x00000007a2300000,0x00000007a2300000,0x00000007a2c80000)
 ParOldGen       total 52224K, used 8671K [0x0000000740000000, 0x0000000743300000, 0x0000000795580000)
  object space 52224K, 16% used [0x0000000740000000,0x0000000740877c58,0x0000000743300000)
 Metaspace       used 20632K, capacity 21654K, committed 21760K, reserved 1067008K
  class space    used 3066K, capacity 3320K, committed 3328K, reserved 1048576K
}

