# JRE version: Java(TM) SE Runtime Environment (8.0_60-b27) (build 1.8.0_60-b27)
# Java VM: Java HotSpot(TM) 64-Bit Server VM (25.60-b23 mixed mode bsd-amd64 compressed oops)
Heap:
 PSYoungGen      total 107520K, used 42745K [0x0000000795580000, 0x000000079f500000, 0x00000007c0000000)
  eden space 97792K, 43% used [0x0000000795580000,0x0000000797ef8a70,0x000000079b500000)
  from space 9728K, 2% used [0x000000079b500000,0x000000079b545be0,0x000000079be80000)
  to   space 9728K, 0% used [0x000000079eb80000,0x000000079eb80000,0x000000079f500000)
 ParOldGen       total 53248K, used 9252K [0x0000000740000000, 0x0000000743400000, 0x0000000795580000)
  object space 53248K, 17% used [0x0000000740000000,0x00000007409091f0,0x0000000743400000)
 Metaspace       used 21827K, capacity 22936K, committed 23164K, reserved 1069056K
  class space    used 3184K, capacity 3447K, committed 3452K, reserved 1048576K
GC Heap History (10 events):
Event: 5.581 GC heap before
{Heap before GC invocations=6 (full 1):
 PSYoungGen      total 38400K, used 5119K [0x0000000795580000, 0x000000079a680000, 0x00000007c0000000)
  eden space 33280K, 0% used [0x0000000795580000,0x0000000795580000,0x0000000797600000)
  from space 5120K, 99% used [0x0000000797600000,0x0000000797afff90,0x0000000797b00000)
  to   space 8192K, 0% used [0x0000000799e80000,0x0000000799e80000,0x000000079a680000)
 ParOldGen       total 87552K, used 3827K [0x0000000740000000, 0x0000000745580000, 0x0000000795580000)
  object space 87552K, 4% used [0x0000000740000000,0x00000007403bcdf0,0x0000000745580000)
 Metaspace       used 20431K, capacity 21478K, committed 21628K, reserved 1067008K
  class space    used 3082K, capacity 3332K, committed 3452K, reserved 1048576K
Event: 5.637 GC heap after
Heap after GC invocations=6 (full 1):
 PSYoungGen      total 38400K, used 0K [0x0000000795580000, 0x000000079a680000, 0x00000007c0000000)
  eden space 33280K, 0% used [0x0000000795580000,0x0000000795580000,0x0000000797600000)
  from space 5120K, 0% used [0x0000000797600000,0x0000000797600000,0x0000000797b00000)
  to   space 8192K, 0% used [0x0000000799e80000,0x0000000799e80000,0x000000079a680000)
 ParOldGen       total 53248K, used 8740K [0x0000000740000000, 0x0000000743400000, 0x0000000795580000)
  object space 53248K, 16% used [0x0000000740000000,0x0000000740889390,0x0000000743400000)
 Metaspace       used 20431K, capacity 21478K, committed 21628K, reserved 1067008K
  class space    used 3082K, capacity 3332K, committed 3452K, reserved 1048576K
}
Event: 7.808 GC heap before
{Heap before GC invocations=7 (full 1):
 PSYoungGen      total 38400K, used 33240K [0x0000000795580000, 0x000000079a680000, 0x00000007c0000000)
  eden space 33280K, 99% used [0x0000000795580000,0x00000007975f63e8,0x0000000797600000)
  from space 5120K, 0% used [0x0000000797600000,0x0000000797600000,0x0000000797b00000)
  to   space 8192K, 0% used [0x0000000799e80000,0x0000000799e80000,0x000000079a680000)
 ParOldGen       total 53248K, used 8740K [0x0000000740000000, 0x0000000743400000, 0x0000000795580000)
  object space 53248K, 16% used [0x0000000740000000,0x0000000740889390,0x0000000743400000)
 Metaspace       used 21259K, capacity 22350K, committed 22652K, reserved 1069056K
  class space    used 3120K, capacity 3364K, committed 3452K, reserved 1048576K
Event: 7.812 GC heap after
Heap after GC invocations=7 (full 1):
 PSYoungGen      total 57856K, used 582K [0x0000000795580000, 0x0000000799f80000, 0x00000007c0000000)
  eden space 56832K, 0% used [0x0000000795580000,0x0000000795580000,0x0000000798d00000)
  from space 1024K, 56% used [0x0000000799e80000,0x0000000799f11a38,0x0000000799f80000)
  to   space 9216K, 0% used [0x0000000798d80000,0x0000000798d80000,0x0000000799680000)
 ParOldGen       total 53248K, used 8748K [0x0000000740000000, 0x0000000743400000, 0x0000000795580000)
  object space 53248K, 16% used [0x0000000740000000,0x000000074088b390,0x0000000743400000)
 Metaspace       used 21259K, capacity 22350K, committed 22652K, reserved 1069056K
  class space    used 3120K, capacity 3364K, committed 3452K, reserved 1048576K
}
Event: 7.844 GC heap before
{Heap before GC invocations=8 (full 1):
 PSYoungGen      total 57856K, used 57414K [0x0000000795580000, 0x0000000799f80000, 0x00000007c0000000)
  eden space 56832K, 99% used [0x0000000795580000,0x0000000798cffef0,0x0000000798d00000)
  from space 1024K, 56% used [0x0000000799e80000,0x0000000799f11a38,0x0000000799f80000)
  to   space 9216K, 0% used [0x0000000798d80000,0x0000000798d80000,0x0000000799680000)
 ParOldGen       total 53248K, used 8748K [0x0000000740000000, 0x0000000743400000, 0x0000000795580000)
  object space 53248K, 16% used [0x0000000740000000,0x000000074088b390,0x0000000743400000)
 Metaspace       used 21259K, capacity 22350K, committed 22652K, reserved 1069056K
  class space    used 3120K, capacity 3364K, committed 3452K, reserved 1048576K
Event: 7.846 GC heap after
Heap after GC invocations=8 (full 1):
 PSYoungGen      total 66560K, used 578K [0x0000000795580000, 0x000000079c780000, 0x00000007c0000000)
  eden space 57344K, 0% used [0x0000000795580000,0x0000000795580000,0x0000000798d80000)
  from space 9216K, 6% used [0x0000000798d80000,0x0000000798e10bf0,0x0000000799680000)
  to   space 9216K, 0% used [0x000000079be80000,0x000000079be80000,0x000000079c780000)
 ParOldGen       total 53248K, used 8756K [0x0000000740000000, 0x0000000743400000, 0x0000000795580000)
  object space 53248K, 16% used [0x0000000740000000,0x000000074088d390,0x0000000743400000)
 Metaspace       used 21259K, capacity 22350K, committed 22652K, reserved 1069056K
  class space    used 3120K, capacity 3364K, committed 3452K, reserved 1048576K
}
Event: 7.868 GC heap before
{Heap before GC invocations=9 (full 1):
 PSYoungGen      total 66560K, used 57846K [0x0000000795580000, 0x000000079c780000, 0x00000007c0000000)
  eden space 57344K, 99% used [0x0000000795580000,0x0000000798d6cc80,0x0000000798d80000)
  from space 9216K, 6% used [0x0000000798d80000,0x0000000798e10bf0,0x0000000799680000)
  to   space 9216K, 0% used [0x000000079be80000,0x000000079be80000,0x000000079c780000)
 ParOldGen       total 53248K, used 8756K [0x0000000740000000, 0x0000000743400000, 0x0000000795580000)
  object space 53248K, 16% used [0x0000000740000000,0x000000074088d390,0x0000000743400000)
 Metaspace       used 21259K, capacity 22350K, committed 22652K, reserved 1069056K
  class space    used 3120K, capacity 3364K, committed 3452K, reserved 1048576K
Event: 7.870 GC heap after
Heap after GC invocations=9 (full 1):
 PSYoungGen      total 107008K, used 578K [0x0000000795580000, 0x000000079cd80000, 0x00000007c0000000)
  eden space 97792K, 0% used [0x0000000795580000,0x0000000795580000,0x000000079b500000)
  from space 9216K, 6% used [0x000000079be80000,0x000000079bf10ae8,0x000000079c780000)
  to   space 9728K, 0% used [0x000000079b500000,0x000000079b500000,0x000000079be80000)
 ParOldGen       total 53248K, used 8764K [0x0000000740000000, 0x0000000743400000, 0x0000000795580000)
  object space 53248K, 16% used [0x0000000740000000,0x000000074088f390,0x0000000743400000)
 Metaspace       used 21259K, capacity 22350K, committed 22652K, reserved 1069056K
  class space    used 3120K, capacity 3364K, committed 3452K, reserved 1048576K
}
Event: 7.911 GC heap before
{Heap before GC invocations=10 (full 1):
 PSYoungGen      total 107008K, used 98326K [0x0000000795580000, 0x000000079cd80000, 0x00000007c0000000)
  eden space 97792K, 99% used [0x0000000795580000,0x000000079b4f4e18,0x000000079b500000)
  from space 9216K, 6% used [0x000000079be80000,0x000000079bf10ae8,0x000000079c780000)
  to   space 9728K, 0% used [0x000000079b500000,0x000000079b500000,0x000000079be80000)
 ParOldGen       total 53248K, used 8764K [0x0000000740000000, 0x0000000743400000, 0x0000000795580000)
  object space 53248K, 16% used [0x0000000740000000,0x000000074088f390,0x0000000743400000)
 Metaspace       used 21260K, capacity 22350K, committed 22652K, reserved 1069056K
  class space    used 3120K, capacity 3364K, committed 3452K, reserved 1048576K
Event: 7.912 GC heap after
Heap after GC invocations=10 (full 1):
 PSYoungGen      total 107520K, used 278K [0x0000000795580000, 0x000000079f500000, 0x00000007c0000000)
  eden space 97792K, 0% used [0x0000000795580000,0x0000000795580000,0x000000079b500000)
  from space 9728K, 2% used [0x000000079b500000,0x000000079b545be0,0x000000079be80000)
  to   space 9728K, 0% used [0x000000079eb80000,0x000000079eb80000,0x000000079f500000)
 ParOldGen       total 53248K, used 9252K [0x0000000740000000, 0x0000000743400000, 0x0000000795580000)
  object space 53248K, 17% used [0x0000000740000000,0x00000007409091f0,0x0000000743400000)
 Metaspace       used 21260K, capacity 22350K, committed 22652K, reserved 1069056K
  class space    used 3120K, capacity 3364K, committed 3452K, reserved 1048576K
}

