# JRE version: Java(TM) SE Runtime Environment (8.0_60-b27) (build 1.8.0_60-b27)
# Java VM: Java HotSpot(TM) 64-Bit Server VM (25.60-b23 mixed mode bsd-amd64 compressed oops)
Heap:
 PSYoungGen      total 141824K, used 23142K [0x0000000795580000, 0x00000007a6a80000, 0x00000007c0000000)
  eden space 133120K, 17% used [0x0000000795580000,0x0000000796c19ad8,0x000000079d780000)
  from space 8704K, 0% used [0x000000079d780000,0x000000079d780000,0x000000079e000000)
  to   space 8704K, 0% used [0x00000007a6200000,0x00000007a6200000,0x00000007a6a80000)
 ParOldGen       total 48640K, used 9386K [0x0000000740000000, 0x0000000742f80000, 0x0000000795580000)
  object space 48640K, 19% used [0x0000000740000000,0x000000074092aba0,0x0000000742f80000)
 Metaspace       used 20719K, capacity 21772K, committed 22016K, reserved 1069056K
  class space    used 3033K, capacity 3297K, committed 3328K, reserved 1048576K
GC Heap History (10 events):
Event: 6.465 GC heap before
{Heap before GC invocations=4 (full 0):
 PSYoungGen      total 38400K, used 38338K [0x0000000795580000, 0x000000079a080000, 0x00000007c0000000)
  eden space 33280K, 99% used [0x0000000795580000,0x00000007975f4a88,0x0000000797600000)
  from space 5120K, 99% used [0x0000000797600000,0x0000000797afbfb0,0x0000000797b00000)
  to   space 5120K, 0% used [0x0000000799b80000,0x0000000799b80000,0x000000079a080000)
 ParOldGen       total 87552K, used 2320K [0x0000000740000000, 0x0000000745580000, 0x0000000795580000)
  object space 87552K, 2% used [0x0000000740000000,0x0000000740244350,0x0000000745580000)
 Metaspace       used 20017K, capacity 21052K, committed 21248K, reserved 1067008K
  class space    used 2952K, capacity 3211K, committed 3328K, reserved 1048576K
Event: 6.472 GC heap after
Heap after GC invocations=4 (full 0):
 PSYoungGen      total 71680K, used 5114K [0x0000000795580000, 0x000000079a080000, 0x00000007c0000000)
  eden space 66560K, 0% used [0x0000000795580000,0x0000000795580000,0x0000000799680000)
  from space 5120K, 99% used [0x0000000799b80000,0x000000079a07eb30,0x000000079a080000)
  to   space 5120K, 0% used [0x0000000799680000,0x0000000799680000,0x0000000799b80000)
 ParOldGen       total 87552K, used 4894K [0x0000000740000000, 0x0000000745580000, 0x0000000795580000)
  object space 87552K, 5% used [0x0000000740000000,0x00000007404c7898,0x0000000745580000)
 Metaspace       used 20017K, capacity 21052K, committed 21248K, reserved 1067008K
  class space    used 2952K, capacity 3211K, committed 3328K, reserved 1048576K
}
Event: 6.497 GC heap before
{Heap before GC invocations=5 (full 0):
 PSYoungGen      total 71680K, used 71634K [0x0000000795580000, 0x000000079a080000, 0x00000007c0000000)
  eden space 66560K, 99% used [0x0000000795580000,0x0000000799675e48,0x0000000799680000)
  from space 5120K, 99% used [0x0000000799b80000,0x000000079a07eb30,0x000000079a080000)
  to   space 5120K, 0% used [0x0000000799680000,0x0000000799680000,0x0000000799b80000)
 ParOldGen       total 87552K, used 4894K [0x0000000740000000, 0x0000000745580000, 0x0000000795580000)
  object space 87552K, 5% used [0x0000000740000000,0x00000007404c7898,0x0000000745580000)
 Metaspace       used 20017K, capacity 21052K, committed 21248K, reserved 1067008K
  class space    used 2952K, capacity 3211K, committed 3328K, reserved 1048576K
Event: 6.503 GC heap after
Heap after GC invocations=5 (full 0):
 PSYoungGen      total 71680K, used 5108K [0x0000000795580000, 0x000000079e880000, 0x00000007c0000000)
  eden space 66560K, 0% used [0x0000000795580000,0x0000000795580000,0x0000000799680000)
  from space 5120K, 99% used [0x0000000799680000,0x0000000799b7d318,0x0000000799b80000)
  to   space 8704K, 0% used [0x000000079e000000,0x000000079e000000,0x000000079e880000)
 ParOldGen       total 87552K, used 4964K [0x0000000740000000, 0x0000000745580000, 0x0000000795580000)
  object space 87552K, 5% used [0x0000000740000000,0x00000007404d90c0,0x0000000745580000)
 Metaspace       used 20017K, capacity 21052K, committed 21248K, reserved 1067008K
  class space    used 2952K, capacity 3211K, committed 3328K, reserved 1048576K
}
Event: 6.515 GC heap before
{Heap before GC invocations=6 (full 0):
 PSYoungGen      total 71680K, used 71534K [0x0000000795580000, 0x000000079e880000, 0x00000007c0000000)
  eden space 66560K, 99% used [0x0000000795580000,0x000000079965e8d0,0x0000000799680000)
  from space 5120K, 99% used [0x0000000799680000,0x0000000799b7d318,0x0000000799b80000)
  to   space 8704K, 0% used [0x000000079e000000,0x000000079e000000,0x000000079e880000)
 ParOldGen       total 87552K, used 4964K [0x0000000740000000, 0x0000000745580000, 0x0000000795580000)
  object space 87552K, 5% used [0x0000000740000000,0x00000007404d90c0,0x0000000745580000)
 Metaspace       used 20017K, capacity 21052K, committed 21248K, reserved 1067008K
  class space    used 2952K, capacity 3211K, committed 3328K, reserved 1048576K
Event: 6.520 GC heap after
Heap after GC invocations=6 (full 0):
 PSYoungGen      total 141824K, used 5175K [0x0000000795580000, 0x000000079e880000, 0x00000007c0000000)
  eden space 133120K, 0% used [0x0000000795580000,0x0000000795580000,0x000000079d780000)
  from space 8704K, 59% used [0x000000079e000000,0x000000079e50de30,0x000000079e880000)
  to   space 8704K, 0% used [0x000000079d780000,0x000000079d780000,0x000000079e000000)
 ParOldGen       total 87552K, used 4964K [0x0000000740000000, 0x0000000745580000, 0x0000000795580000)
  object space 87552K, 5% used [0x0000000740000000,0x00000007404d90c0,0x0000000745580000)
 Metaspace       used 20017K, capacity 21052K, committed 21248K, reserved 1067008K
  class space    used 2952K, capacity 3211K, committed 3328K, reserved 1048576K
}
Event: 6.667 GC heap before
{Heap before GC invocations=7 (full 0):
 PSYoungGen      total 141824K, used 109763K [0x0000000795580000, 0x000000079e880000, 0x00000007c0000000)
  eden space 133120K, 78% used [0x0000000795580000,0x000000079bba2ec8,0x000000079d780000)
  from space 8704K, 59% used [0x000000079e000000,0x000000079e50de30,0x000000079e880000)
  to   space 8704K, 0% used [0x000000079d780000,0x000000079d780000,0x000000079e000000)
 ParOldGen       total 87552K, used 4964K [0x0000000740000000, 0x0000000745580000, 0x0000000795580000)
  object space 87552K, 5% used [0x0000000740000000,0x00000007404d90c0,0x0000000745580000)
 Metaspace       used 20120K, capacity 21116K, committed 21248K, reserved 1067008K
  class space    used 2959K, capacity 3211K, committed 3328K, reserved 1048576K
Event: 6.674 GC heap after
Heap after GC invocations=7 (full 0):
 PSYoungGen      total 141824K, used 2975K [0x0000000795580000, 0x00000007a6a80000, 0x00000007c0000000)
  eden space 133120K, 0% used [0x0000000795580000,0x0000000795580000,0x000000079d780000)
  from space 8704K, 34% used [0x000000079d780000,0x000000079da67c30,0x000000079e000000)
  to   space 8704K, 0% used [0x00000007a6200000,0x00000007a6200000,0x00000007a6a80000)
 ParOldGen       total 87552K, used 7664K [0x0000000740000000, 0x0000000745580000, 0x0000000795580000)
  object space 87552K, 8% used [0x0000000740000000,0x000000074077c080,0x0000000745580000)
 Metaspace       used 20120K, capacity 21116K, committed 21248K, reserved 1067008K
  class space    used 2959K, capacity 3211K, committed 3328K, reserved 1048576K
}
Event: 6.674 GC heap before
{Heap before GC invocations=8 (full 1):
 PSYoungGen      total 141824K, used 2975K [0x0000000795580000, 0x00000007a6a80000, 0x00000007c0000000)
  eden space 133120K, 0% used [0x0000000795580000,0x0000000795580000,0x000000079d780000)
  from space 8704K, 34% used [0x000000079d780000,0x000000079da67c30,0x000000079e000000)
  to   space 8704K, 0% used [0x00000007a6200000,0x00000007a6200000,0x00000007a6a80000)
 ParOldGen       total 87552K, used 7664K [0x0000000740000000, 0x0000000745580000, 0x0000000795580000)
  object space 87552K, 8% used [0x0000000740000000,0x000000074077c080,0x0000000745580000)
 Metaspace       used 20120K, capacity 21116K, committed 21248K, reserved 1067008K
  class space    used 2959K, capacity 3211K, committed 3328K, reserved 1048576K
Event: 6.706 GC heap after
Heap after GC invocations=8 (full 1):
 PSYoungGen      total 141824K, used 0K [0x0000000795580000, 0x00000007a6a80000, 0x00000007c0000000)
  eden space 133120K, 0% used [0x0000000795580000,0x0000000795580000,0x000000079d780000)
  from space 8704K, 0% used [0x000000079d780000,0x000000079d780000,0x000000079e000000)
  to   space 8704K, 0% used [0x00000007a6200000,0x00000007a6200000,0x00000007a6a80000)
 ParOldGen       total 48640K, used 9386K [0x0000000740000000, 0x0000000742f80000, 0x0000000795580000)
  object space 48640K, 19% used [0x0000000740000000,0x000000074092aba0,0x0000000742f80000)
 Metaspace       used 20120K, capacity 21116K, committed 21248K, reserved 1067008K
  class space    used 2959K, capacity 3211K, committed 3328K, reserved 1048576K
}

