# JRE version: Java(TM) SE Runtime Environment (8.0_60-b27) (build 1.8.0_60-b27)
# Java VM: Java HotSpot(TM) 64-Bit Server VM (25.60-b23 mixed mode bsd-amd64 compressed oops)
Heap:
 PSYoungGen      total 140800K, used 23103K [0x0000000795580000, 0x00000007a6980000, 0x00000007c0000000)
  eden space 133120K, 17% used [0x0000000795580000,0x0000000796c0ffc8,0x000000079d780000)
  from space 7680K, 0% used [0x000000079d780000,0x000000079d780000,0x000000079df00000)
  to   space 8192K, 0% used [0x00000007a6180000,0x00000007a6180000,0x00000007a6980000)
 ParOldGen       total 48128K, used 9339K [0x0000000740000000, 0x0000000742f00000, 0x0000000795580000)
  object space 48128K, 19% used [0x0000000740000000,0x000000074091eef8,0x0000000742f00000)
 Metaspace       used 20747K, capacity 21776K, committed 22016K, reserved 1069056K
  class space    used 3035K, capacity 3297K, committed 3328K, reserved 1048576K
GC Heap History (10 events):
Event: 11.851 GC heap before
{Heap before GC invocations=4 (full 0):
 PSYoungGen      total 38400K, used 38399K [0x0000000795580000, 0x000000079a080000, 0x00000007c0000000)
  eden space 33280K, 99% used [0x0000000795580000,0x00000007975ffcc8,0x0000000797600000)
  from space 5120K, 99% used [0x0000000797600000,0x0000000797afffa0,0x0000000797b00000)
  to   space 5120K, 0% used [0x0000000799b80000,0x0000000799b80000,0x000000079a080000)
 ParOldGen       total 87552K, used 2288K [0x0000000740000000, 0x0000000745580000, 0x0000000795580000)
  object space 87552K, 2% used [0x0000000740000000,0x000000074023c350,0x0000000745580000)
 Metaspace       used 20058K, capacity 21056K, committed 21248K, reserved 1067008K
  class space    used 2954K, capacity 3211K, committed 3328K, reserved 1048576K
Event: 11.858 GC heap after
Heap after GC invocations=4 (full 0):
 PSYoungGen      total 71680K, used 5113K [0x0000000795580000, 0x000000079a080000, 0x00000007c0000000)
  eden space 66560K, 0% used [0x0000000795580000,0x0000000795580000,0x0000000799680000)
  from space 5120K, 99% used [0x0000000799b80000,0x000000079a07e790,0x000000079a080000)
  to   space 5120K, 0% used [0x0000000799680000,0x0000000799680000,0x0000000799b80000)
 ParOldGen       total 87552K, used 3838K [0x0000000740000000, 0x0000000745580000, 0x0000000795580000)
  object space 87552K, 4% used [0x0000000740000000,0x00000007403bf840,0x0000000745580000)
 Metaspace       used 20058K, capacity 21056K, committed 21248K, reserved 1067008K
  class space    used 2954K, capacity 3211K, committed 3328K, reserved 1048576K
}
Event: 11.888 GC heap before
{Heap before GC invocations=5 (full 0):
 PSYoungGen      total 71680K, used 71582K [0x0000000795580000, 0x000000079a080000, 0x00000007c0000000)
  eden space 66560K, 99% used [0x0000000795580000,0x0000000799669468,0x0000000799680000)
  from space 5120K, 99% used [0x0000000799b80000,0x000000079a07e790,0x000000079a080000)
  to   space 5120K, 0% used [0x0000000799680000,0x0000000799680000,0x0000000799b80000)
 ParOldGen       total 87552K, used 3838K [0x0000000740000000, 0x0000000745580000, 0x0000000795580000)
  object space 87552K, 4% used [0x0000000740000000,0x00000007403bf840,0x0000000745580000)
 Metaspace       used 20059K, capacity 21056K, committed 21248K, reserved 1067008K
  class space    used 2954K, capacity 3211K, committed 3328K, reserved 1048576K
Event: 11.894 GC heap after
Heap after GC invocations=5 (full 0):
 PSYoungGen      total 71680K, used 5101K [0x0000000795580000, 0x000000079e780000, 0x00000007c0000000)
  eden space 66560K, 0% used [0x0000000795580000,0x0000000795580000,0x0000000799680000)
  from space 5120K, 99% used [0x0000000799680000,0x0000000799b7b528,0x0000000799b80000)
  to   space 8192K, 0% used [0x000000079df80000,0x000000079df80000,0x000000079e780000)
 ParOldGen       total 87552K, used 3946K [0x0000000740000000, 0x0000000745580000, 0x0000000795580000)
  object space 87552K, 4% used [0x0000000740000000,0x00000007403da850,0x0000000745580000)
 Metaspace       used 20059K, capacity 21056K, committed 21248K, reserved 1067008K
  class space    used 2954K, capacity 3211K, committed 3328K, reserved 1048576K
}
Event: 11.906 GC heap before
{Heap before GC invocations=6 (full 0):
 PSYoungGen      total 71680K, used 71643K [0x0000000795580000, 0x000000079e780000, 0x00000007c0000000)
  eden space 66560K, 99% used [0x0000000795580000,0x000000079967b6f8,0x0000000799680000)
  from space 5120K, 99% used [0x0000000799680000,0x0000000799b7b528,0x0000000799b80000)
  to   space 8192K, 0% used [0x000000079df80000,0x000000079df80000,0x000000079e780000)
 ParOldGen       total 87552K, used 3946K [0x0000000740000000, 0x0000000745580000, 0x0000000795580000)
  object space 87552K, 4% used [0x0000000740000000,0x00000007403da850,0x0000000745580000)
 Metaspace       used 20059K, capacity 21056K, committed 21248K, reserved 1067008K
  class space    used 2954K, capacity 3211K, committed 3328K, reserved 1048576K
Event: 11.911 GC heap after
Heap after GC invocations=6 (full 0):
 PSYoungGen      total 140288K, used 5168K [0x0000000795580000, 0x000000079e680000, 0x00000007c0000000)
  eden space 133120K, 0% used [0x0000000795580000,0x0000000795580000,0x000000079d780000)
  from space 7168K, 72% used [0x000000079df80000,0x000000079e48c0a8,0x000000079e680000)
  to   space 7680K, 0% used [0x000000079d780000,0x000000079d780000,0x000000079df00000)
 ParOldGen       total 87552K, used 3946K [0x0000000740000000, 0x0000000745580000, 0x0000000795580000)
  object space 87552K, 4% used [0x0000000740000000,0x00000007403da850,0x0000000745580000)
 Metaspace       used 20059K, capacity 21056K, committed 21248K, reserved 1067008K
  class space    used 2954K, capacity 3211K, committed 3328K, reserved 1048576K
}
Event: 12.017 GC heap before
{Heap before GC invocations=7 (full 0):
 PSYoungGen      total 140288K, used 109750K [0x0000000795580000, 0x000000079e680000, 0x00000007c0000000)
  eden space 133120K, 78% used [0x0000000795580000,0x000000079bba1a50,0x000000079d780000)
  from space 7168K, 72% used [0x000000079df80000,0x000000079e48c0a8,0x000000079e680000)
  to   space 7680K, 0% used [0x000000079d780000,0x000000079d780000,0x000000079df00000)
 ParOldGen       total 87552K, used 3946K [0x0000000740000000, 0x0000000745580000, 0x0000000795580000)
  object space 87552K, 4% used [0x0000000740000000,0x00000007403da850,0x0000000745580000)
 Metaspace       used 20161K, capacity 21120K, committed 21248K, reserved 1067008K
  class space    used 2962K, capacity 3211K, committed 3328K, reserved 1048576K
Event: 12.023 GC heap after
Heap after GC invocations=7 (full 0):
 PSYoungGen      total 140800K, used 2983K [0x0000000795580000, 0x00000007a6980000, 0x00000007c0000000)
  eden space 133120K, 0% used [0x0000000795580000,0x0000000795580000,0x000000079d780000)
  from space 7680K, 38% used [0x000000079d780000,0x000000079da69e98,0x000000079df00000)
  to   space 8192K, 0% used [0x00000007a6180000,0x00000007a6180000,0x00000007a6980000)
 ParOldGen       total 87552K, used 6600K [0x0000000740000000, 0x0000000745580000, 0x0000000795580000)
  object space 87552K, 7% used [0x0000000740000000,0x0000000740672130,0x0000000745580000)
 Metaspace       used 20161K, capacity 21120K, committed 21248K, reserved 1067008K
  class space    used 2962K, capacity 3211K, committed 3328K, reserved 1048576K
}
Event: 12.023 GC heap before
{Heap before GC invocations=8 (full 1):
 PSYoungGen      total 140800K, used 2983K [0x0000000795580000, 0x00000007a6980000, 0x00000007c0000000)
  eden space 133120K, 0% used [0x0000000795580000,0x0000000795580000,0x000000079d780000)
  from space 7680K, 38% used [0x000000079d780000,0x000000079da69e98,0x000000079df00000)
  to   space 8192K, 0% used [0x00000007a6180000,0x00000007a6180000,0x00000007a6980000)
 ParOldGen       total 87552K, used 6600K [0x0000000740000000, 0x0000000745580000, 0x0000000795580000)
  object space 87552K, 7% used [0x0000000740000000,0x0000000740672130,0x0000000745580000)
 Metaspace       used 20161K, capacity 21120K, committed 21248K, reserved 1067008K
  class space    used 2962K, capacity 3211K, committed 3328K, reserved 1048576K
Event: 12.083 GC heap after
Heap after GC invocations=8 (full 1):
 PSYoungGen      total 140800K, used 0K [0x0000000795580000, 0x00000007a6980000, 0x00000007c0000000)
  eden space 133120K, 0% used [0x0000000795580000,0x0000000795580000,0x000000079d780000)
  from space 7680K, 0% used [0x000000079d780000,0x000000079d780000,0x000000079df00000)
  to   space 8192K, 0% used [0x00000007a6180000,0x00000007a6180000,0x00000007a6980000)
 ParOldGen       total 48128K, used 9339K [0x0000000740000000, 0x0000000742f00000, 0x0000000795580000)
  object space 48128K, 19% used [0x0000000740000000,0x000000074091eef8,0x0000000742f00000)
 Metaspace       used 20161K, capacity 21120K, committed 21248K, reserved 1067008K
  class space    used 2962K, capacity 3211K, committed 3328K, reserved 1048576K
}

