# JRE version: Java(TM) SE Runtime Environment (8.0_60-b27) (build 1.8.0_60-b27)
# Java VM: Java HotSpot(TM) 64-Bit Server VM (25.60-b23 mixed mode bsd-amd64 compressed oops)
Heap:
 PSYoungGen      total 122880K, used 40961K [0x0000000795580000, 0x00000007a2b80000, 0x00000007c0000000)
  eden space 113152K, 35% used [0x0000000795580000,0x0000000797cdc8a8,0x000000079c400000)
  from space 9728K, 6% used [0x000000079c400000,0x000000079c4a3cc8,0x000000079cd80000)
  to   space 9728K, 0% used [0x00000007a2200000,0x00000007a2200000,0x00000007a2b80000)
 ParOldGen       total 53248K, used 8676K [0x0000000740000000, 0x0000000743400000, 0x0000000795580000)
  object space 53248K, 16% used [0x0000000740000000,0x0000000740879390,0x0000000743400000)
 Metaspace       used 21153K, capacity 22248K, committed 22400K, reserved 1069056K
  class space    used 3118K, capacity 3365K, committed 3456K, reserved 1048576K
GC Heap History (10 events):
Event: 4.914 GC heap before
{Heap before GC invocations=4 (full 0):
 PSYoungGen      total 38400K, used 8763K [0x0000000795580000, 0x000000079a080000, 0x00000007c0000000)
  eden space 33280K, 10% used [0x0000000795580000,0x00000007959123b8,0x0000000797600000)
  from space 5120K, 99% used [0x0000000797600000,0x0000000797afc928,0x0000000797b00000)
  to   space 5120K, 0% used [0x0000000799b80000,0x0000000799b80000,0x000000079a080000)
 ParOldGen       total 87552K, used 1428K [0x0000000740000000, 0x0000000745580000, 0x0000000795580000)
  object space 87552K, 1% used [0x0000000740000000,0x0000000740165340,0x0000000745580000)
 Metaspace       used 20125K, capacity 21158K, committed 21248K, reserved 1067008K
  class space    used 3026K, capacity 3286K, committed 3328K, reserved 1048576K
Event: 4.922 GC heap after
Heap after GC invocations=4 (full 0):
 PSYoungGen      total 71680K, used 5090K [0x0000000795580000, 0x000000079a080000, 0x00000007c0000000)
  eden space 66560K, 0% used [0x0000000795580000,0x0000000795580000,0x0000000799680000)
  from space 5120K, 99% used [0x0000000799b80000,0x000000079a0789e8,0x000000079a080000)
  to   space 5120K, 0% used [0x0000000799680000,0x0000000799680000,0x0000000799b80000)
 ParOldGen       total 87552K, used 3748K [0x0000000740000000, 0x0000000745580000, 0x0000000795580000)
  object space 87552K, 4% used [0x0000000740000000,0x00000007403a92d0,0x0000000745580000)
 Metaspace       used 20125K, capacity 21158K, committed 21248K, reserved 1067008K
  class space    used 3026K, capacity 3286K, committed 3328K, reserved 1048576K
}
Event: 4.922 GC heap before
{Heap before GC invocations=5 (full 1):
 PSYoungGen      total 71680K, used 5090K [0x0000000795580000, 0x000000079a080000, 0x00000007c0000000)
  eden space 66560K, 0% used [0x0000000795580000,0x0000000795580000,0x0000000799680000)
  from space 5120K, 99% used [0x0000000799b80000,0x000000079a0789e8,0x000000079a080000)
  to   space 5120K, 0% used [0x0000000799680000,0x0000000799680000,0x0000000799b80000)
 ParOldGen       total 87552K, used 3748K [0x0000000740000000, 0x0000000745580000, 0x0000000795580000)
  object space 87552K, 4% used [0x0000000740000000,0x00000007403a92d0,0x0000000745580000)
 Metaspace       used 20125K, capacity 21158K, committed 21248K, reserved 1067008K
  class space    used 3026K, capacity 3286K, committed 3328K, reserved 1048576K
Event: 4.969 GC heap after
Heap after GC invocations=5 (full 1):
 PSYoungGen      total 71680K, used 0K [0x0000000795580000, 0x000000079a080000, 0x00000007c0000000)
  eden space 66560K, 0% used [0x0000000795580000,0x0000000795580000,0x0000000799680000)
  from space 5120K, 0% used [0x0000000799b80000,0x0000000799b80000,0x000000079a080000)
  to   space 5120K, 0% used [0x0000000799680000,0x0000000799680000,0x0000000799b80000)
 ParOldGen       total 53248K, used 8660K [0x0000000740000000, 0x0000000743400000, 0x0000000795580000)
  object space 53248K, 16% used [0x0000000740000000,0x0000000740875390,0x0000000743400000)
 Metaspace       used 20125K, capacity 21158K, committed 21248K, reserved 1067008K
  class space    used 3026K, capacity 3286K, committed 3328K, reserved 1048576K
}
Event: 5.646 GC heap before
{Heap before GC invocations=6 (full 1):
 PSYoungGen      total 71680K, used 66534K [0x0000000795580000, 0x000000079a080000, 0x00000007c0000000)
  eden space 66560K, 99% used [0x0000000795580000,0x0000000799679aa0,0x0000000799680000)
  from space 5120K, 0% used [0x0000000799b80000,0x0000000799b80000,0x000000079a080000)
  to   space 5120K, 0% used [0x0000000799680000,0x0000000799680000,0x0000000799b80000)
 ParOldGen       total 53248K, used 8660K [0x0000000740000000, 0x0000000743400000, 0x0000000795580000)
  object space 53248K, 16% used [0x0000000740000000,0x0000000740875390,0x0000000743400000)
 Metaspace       used 20595K, capacity 21650K, committed 21760K, reserved 1067008K
  class space    used 3066K, capacity 3320K, committed 3328K, reserved 1048576K
Event: 5.648 GC heap after
Heap after GC invocations=6 (full 1):
 PSYoungGen      total 71680K, used 518K [0x0000000795580000, 0x000000079d680000, 0x00000007c0000000)
  eden space 66560K, 0% used [0x0000000795580000,0x0000000795580000,0x0000000799680000)
  from space 5120K, 10% used [0x0000000799680000,0x0000000799701890,0x0000000799b80000)
  to   space 9216K, 0% used [0x000000079cd80000,0x000000079cd80000,0x000000079d680000)
 ParOldGen       total 53248K, used 8668K [0x0000000740000000, 0x0000000743400000, 0x0000000795580000)
  object space 53248K, 16% used [0x0000000740000000,0x0000000740877390,0x0000000743400000)
 Metaspace       used 20595K, capacity 21650K, committed 21760K, reserved 1067008K
  class space    used 3066K, capacity 3320K, committed 3328K, reserved 1048576K
}
Event: 5.661 GC heap before
{Heap before GC invocations=7 (full 1):
 PSYoungGen      total 71680K, used 67054K [0x0000000795580000, 0x000000079d680000, 0x00000007c0000000)
  eden space 66560K, 99% used [0x0000000795580000,0x000000079967a178,0x0000000799680000)
  from space 5120K, 10% used [0x0000000799680000,0x0000000799701890,0x0000000799b80000)
  to   space 9216K, 0% used [0x000000079cd80000,0x000000079cd80000,0x000000079d680000)
 ParOldGen       total 53248K, used 8668K [0x0000000740000000, 0x0000000743400000, 0x0000000795580000)
  object space 53248K, 16% used [0x0000000740000000,0x0000000740877390,0x0000000743400000)
 Metaspace       used 20595K, capacity 21650K, committed 21760K, reserved 1067008K
  class space    used 3066K, capacity 3320K, committed 3328K, reserved 1048576K
Event: 5.662 GC heap after
Heap after GC invocations=7 (full 1):
 PSYoungGen      total 122368K, used 557K [0x0000000795580000, 0x000000079dc00000, 0x00000007c0000000)
  eden space 113152K, 0% used [0x0000000795580000,0x0000000795580000,0x000000079c400000)
  from space 9216K, 6% used [0x000000079cd80000,0x000000079ce0b6d8,0x000000079d680000)
  to   space 9728K, 0% used [0x000000079c400000,0x000000079c400000,0x000000079cd80000)
 ParOldGen       total 53248K, used 8676K [0x0000000740000000, 0x0000000743400000, 0x0000000795580000)
  object space 53248K, 16% used [0x0000000740000000,0x0000000740879390,0x0000000743400000)
 Metaspace       used 20595K, capacity 21650K, committed 21760K, reserved 1067008K
  class space    used 3066K, capacity 3320K, committed 3328K, reserved 1048576K
}
Event: 5.702 GC heap before
{Heap before GC invocations=8 (full 1):
 PSYoungGen      total 122368K, used 113679K [0x0000000795580000, 0x000000079dc00000, 0x00000007c0000000)
  eden space 113152K, 99% used [0x0000000795580000,0x000000079c3f85c0,0x000000079c400000)
  from space 9216K, 6% used [0x000000079cd80000,0x000000079ce0b6d8,0x000000079d680000)
  to   space 9728K, 0% used [0x000000079c400000,0x000000079c400000,0x000000079cd80000)
 ParOldGen       total 53248K, used 8676K [0x0000000740000000, 0x0000000743400000, 0x0000000795580000)
  object space 53248K, 16% used [0x0000000740000000,0x0000000740879390,0x0000000743400000)
 Metaspace       used 20595K, capacity 21650K, committed 21760K, reserved 1067008K
  class space    used 3066K, capacity 3320K, committed 3328K, reserved 1048576K
Event: 5.703 GC heap after
Heap after GC invocations=8 (full 1):
 PSYoungGen      total 122880K, used 655K [0x0000000795580000, 0x00000007a2b80000, 0x00000007c0000000)
  eden space 113152K, 0% used [0x0000000795580000,0x0000000795580000,0x000000079c400000)
  from space 9728K, 6% used [0x000000079c400000,0x000000079c4a3cc8,0x000000079cd80000)
  to   space 9728K, 0% used [0x00000007a2200000,0x00000007a2200000,0x00000007a2b80000)
 ParOldGen       total 53248K, used 8676K [0x0000000740000000, 0x0000000743400000, 0x0000000795580000)
  object space 53248K, 16% used [0x0000000740000000,0x0000000740879390,0x0000000743400000)
 Metaspace       used 20595K, capacity 21650K, committed 21760K, reserved 1067008K
  class space    used 3066K, capacity 3320K, committed 3328K, reserved 1048576K
}

